<?xml version="1.0" encoding="UTF-8"?>
<!-- Generated by org.testng.reporters.JUnitReportReporter -->
<testsuite hostname="HenTryRAj-PC" name="simpleScript.LaunchBrowser" tests="1" failures="0" timestamp="24 Feb 2020 05:34:53 GMT" time="102.116" errors="0">
  <testcase name="LaunchBrowser" time="102.116" classname="simpleScript.LaunchBrowser"/>
</testsuite> <!-- simpleScript.LaunchBrowser -->
